\BOOKMARK [1][-]{section.1}{\376\377\145\207\172\077\213\364\146\016}{}% 1
\BOOKMARK [1][-]{section.2}{\376\377\136\372\213\256\172\313\230\171\133\232\117\115}{}% 2
\BOOKMARK [2][-]{subsection.2.1}{\376\377\136\372\213\256\230\171\166\356\124\015\171\360}{section.2}% 3
\BOOKMARK [2][-]{subsection.2.2}{\376\377\136\372\213\256\230\171\166\356\134\136\140\047}{section.2}% 4
\BOOKMARK [2][-]{subsection.2.3}{\376\377\230\171\166\356\116\000\123\345\213\335\133\232\117\115}{section.2}% 5
\BOOKMARK [1][-]{section.3}{\376\377\230\171\166\356\144\130\211\201}{}% 6
\BOOKMARK [2][-]{subsection.3.1}{\376\377\0003\0000\0000\133\127\135\346\123\363\144\130\211\201\162\110\147\054}{section.3}% 7
\BOOKMARK [2][-]{subsection.3.2}{\376\377\0001\0000\0000\133\127\173\200\116\313\162\110\147\054}{section.3}% 8
\BOOKMARK [2][-]{subsection.3.3}{\376\377\121\163\225\056\213\315}{section.3}% 9
\BOOKMARK [1][-]{section.4}{\376\377\172\313\230\171\117\235\143\156}{}% 10
\BOOKMARK [2][-]{subsection.4.1}{\376\377\170\024\172\166\200\314\146\157}{section.4}% 11
\BOOKMARK [2][-]{subsection.4.2}{\376\377\170\024\172\166\141\017\116\111}{section.4}% 12
\BOOKMARK [3][-]{subsubsection.4.2.1}{\376\377\163\260\133\236\136\224\165\050\141\017\116\111}{subsection.4.2}% 13
\BOOKMARK [3][-]{subsubsection.4.2.2}{\376\377\145\207\123\026\117\335\142\244\141\017\116\111}{subsection.4.2}% 14
\BOOKMARK [3][-]{subsubsection.4.2.3}{\376\377\145\131\133\146\116\016\171\321\170\024\141\017\116\111}{subsection.4.2}% 15
\BOOKMARK [2][-]{subsection.4.3}{\376\377\126\375\121\205\131\026\170\024\172\166\163\260\162\266\116\016\123\321\134\125\122\250\140\001}{section.4}% 16
\BOOKMARK [2][-]{subsection.4.4}{\376\377\163\260\147\011\165\333\160\271\122\006\147\220}{section.4}% 17
\BOOKMARK [1][-]{section.5}{\376\377\170\024\172\166\166\356\166\204}{}% 18
\BOOKMARK [1][-]{section.6}{\376\377\170\024\172\166\121\205\133\271}{}% 19
\BOOKMARK [2][-]{subsection.6.1}{\376\377\170\024\172\166\121\205\133\271\116\000\377\032\225\177\150\052\157\155\136\070\165\050\156\130\213\355\213\355\145\231\116\016\167\345\213\306\136\223\147\204\136\372}{section.6}% 20
\BOOKMARK [2][-]{subsection.6.2}{\376\377\170\024\172\166\121\205\133\271\116\214\377\032\213\315\154\107\134\102\116\016\123\345\137\017\134\102\123\314\134\102\217\154\143\142\211\304\122\031\213\276\213\241}{section.6}% 21
\BOOKMARK [2][-]{subsection.6.3}{\376\377\170\024\172\166\121\205\133\271\116\011\377\032\131\032\173\126\165\145\207\215\124\010\166\204\123\314\124\021\217\154\143\142\137\025\144\316}{section.6}% 22
\BOOKMARK [2][-]{subsection.6.4}{\376\377\170\024\172\166\121\205\133\271\126\333\377\032\127\072\146\157\123\026\116\244\116\222\174\373\176\337\116\016\145\110\147\234\213\304\155\113}{section.6}% 23
\BOOKMARK [1][-]{section.7}{\376\377\122\033\145\260\160\271\116\016\230\171\166\356\162\171\202\162}{}% 24
\BOOKMARK [2][-]{subsection.7.1}{\376\377\122\033\145\260\160\271\116\000\377\032\200\132\161\046\225\177\150\052\157\155\136\070\165\050\156\130\213\355\127\072\146\157\377\014\177\051\134\017\203\003\126\364\116\345\143\320\123\107\147\011\145\110\140\047}{section.7}% 25
\BOOKMARK [2][-]{subsection.7.2}{\376\377\122\033\145\260\160\271\116\214\377\032\221\307\165\050\040\034\213\315\121\170\123\071\221\115\377\013\142\374\227\363\133\271\225\031\377\013\123\345\137\017\211\304\122\031\040\035\207\215\124\010\145\271\154\325}{section.7}% 26
\BOOKMARK [2][-]{subsection.7.3}{\376\377\122\033\145\260\160\271\116\011\377\032\147\204\136\372\123\357\143\001\176\355\142\151\134\125\166\204\145\271\212\000\167\345\213\306\136\223\116\016\133\241\150\070\147\072\122\066}{section.7}% 27
\BOOKMARK [2][-]{subsection.7.4}{\376\377\122\033\145\260\160\271\126\333\377\032\137\025\121\145\120\031\220\011\176\323\147\234\116\016\211\343\221\312\217\223\121\372}{section.7}% 28
\BOOKMARK [1][-]{section.8}{\376\377\142\200\147\057\215\357\176\277\060\001\142\337\211\343\121\263\166\204\225\356\230\230\123\312\230\204\147\037\142\020\147\234}{}% 29
\BOOKMARK [2][-]{subsection.8.1}{\376\377\142\337\211\343\121\263\166\204\116\073\211\201\225\356\230\230}{section.8}% 30
\BOOKMARK [2][-]{subsection.8.2}{\376\377\142\200\147\057\215\357\176\277}{section.8}% 31
\BOOKMARK [2][-]{subsection.8.3}{\376\377\142\200\147\057\215\357\176\277\145\207\133\127\126\376\171\072}{section.8}% 32
\BOOKMARK [2][-]{subsection.8.4}{\376\377\230\204\147\037\142\020\147\234}{section.8}% 33
\BOOKMARK [1][-]{section.9}{\376\377\230\171\166\356\170\024\172\166\217\333\136\246\133\211\143\222}{}% 34
\BOOKMARK [1][-]{section.10}{\376\377\135\362\147\011\127\372\170\100}{}% 35
\BOOKMARK [2][-]{subsection.10.1}{\376\377\116\016\147\054\230\171\166\356\147\011\121\163\166\204\170\024\172\166\171\357\175\057\124\214\122\115\147\037\142\020\147\234}{section.10}% 36
\BOOKMARK [2][-]{subsection.10.2}{\376\377\230\171\166\356\126\342\226\037\121\167\131\007\166\204\133\236\145\275\117\030\122\277}{section.10}% 37
\BOOKMARK [1][-]{section.11}{\376\377\135\362\121\167\131\007\166\204\147\141\116\366\060\001\134\032\177\072\134\021\166\204\147\141\116\366\123\312\211\343\121\263\145\271\154\325}{}% 38
\BOOKMARK [2][-]{subsection.11.1}{\376\377\135\362\121\167\131\007\166\204\147\141\116\366}{section.11}% 39
\BOOKMARK [2][-]{subsection.11.2}{\376\377\134\032\177\072\134\021\166\204\147\141\116\366}{section.11}% 40
\BOOKMARK [2][-]{subsection.11.3}{\376\377\211\343\121\263\145\271\154\325}{section.11}% 41
\BOOKMARK [1][-]{section.12}{\376\377\176\317\215\071\230\204\173\227\377\010\123\302\200\003\162\110\147\054\377\011}{}% 42
\BOOKMARK [1][-]{section.13}{\376\377\230\171\166\356\123\357\210\114\140\047\122\006\147\220}{}% 43
\BOOKMARK [2][-]{subsection.13.1}{\376\377\220\011\230\230\123\357\210\114}{section.13}% 44
\BOOKMARK [2][-]{subsection.13.2}{\376\377\142\200\147\057\123\357\210\114}{section.13}% 45
\BOOKMARK [2][-]{subsection.13.3}{\376\377\176\304\176\307\123\357\210\114}{section.13}% 46
\BOOKMARK [2][-]{subsection.13.4}{\376\377\142\020\147\234\123\357\210\114}{section.13}% 47
\BOOKMARK [1][-]{section.14}{\376\377\230\316\226\151\122\006\147\220\116\016\136\224\133\371\143\252\145\275}{}% 48
\BOOKMARK [1][-]{section.15}{\376\377\123\357\166\364\143\245\165\050\116\216\165\063\213\367\116\146\166\204\150\070\137\303\153\143\145\207}{}% 49
\BOOKMARK [2][-]{subsection.15.1}{\376\377\230\171\166\356\173\200\116\313}{section.15}% 50
\BOOKMARK [2][-]{subsection.15.2}{\376\377\170\024\172\166\166\356\166\204}{section.15}% 51
\BOOKMARK [2][-]{subsection.15.3}{\376\377\170\024\172\166\121\205\133\271}{section.15}% 52
\BOOKMARK [2][-]{subsection.15.4}{\376\377\126\375\121\205\131\026\170\024\172\166\163\260\162\266\124\214\123\321\134\125\122\250\140\001}{section.15}% 53
\BOOKMARK [2][-]{subsection.15.5}{\376\377\122\033\145\260\160\271\116\016\230\171\166\356\162\171\202\162}{section.15}% 54
\BOOKMARK [2][-]{subsection.15.6}{\376\377\142\200\147\057\215\357\176\277\060\001\142\337\211\343\121\263\166\204\225\356\230\230\123\312\230\204\147\037\142\020\147\234}{section.15}% 55
\BOOKMARK [2][-]{subsection.15.7}{\376\377\230\171\166\356\170\024\172\166\217\333\136\246\133\211\143\222}{section.15}% 56
\BOOKMARK [2][-]{subsection.15.8}{\376\377\135\362\147\011\127\372\170\100}{section.15}% 57
\BOOKMARK [2][-]{subsection.15.9}{\376\377\135\362\121\167\131\007\147\141\116\366\060\001\134\032\177\072\134\021\147\141\116\366\123\312\211\343\121\263\145\271\154\325}{section.15}% 58
\BOOKMARK [1][-]{section.16}{\376\377\124\016\176\355\227\000\210\145\121\105\166\204\116\052\140\047\123\026\117\341\140\157}{}% 59
\BOOKMARK [1][-]{section.17}{\376\377\176\323\213\355}{}% 60
